This is pdfTeX, Version 3.141592653-2.6-1.40.27 (MiKTeX 25.3) (preloaded format=pdflatex 2025.4.5)  10 MAY 2025 21:40
entering extended mode
 restricted \write18 enabled.
 file:line:error style messages enabled.
 %&-line parsing enabled.
**c:/Users/tr364/Desktop/Programação/LaTex/f299-template-pi-artifacts/fatec-template.tex
(c:/Users/tr364/Desktop/Programação/LaTex/f299-template-pi-artifacts/fatec-template.tex
LaTeX2e <2024-11-01> patch level 2
L3 programming layer <2025-01-18>
(C:\Users\tr364\AppData\Local\Programs\MiKTeX\tex/latex/base\article.cls
Document Class: article 2024/06/29 v1.4n Standard LaTeX document class
(C:\Users\tr364\AppData\Local\Programs\MiKTeX\tex/latex/base\size12.clo
File: size12.clo 2024/06/29 v1.4n Standard LaTeX file (size option)
)
\c@part=\count196
\c@section=\count197
\c@subsection=\count198
\c@subsubsection=\count199
\c@paragraph=\count266
\c@subparagraph=\count267
\c@figure=\count268
\c@table=\count269
\abovecaptionskip=\skip49
\belowcaptionskip=\skip50
\bibindent=\dimen141
) (C:\Users\tr364\AppData\Local\Programs\MiKTeX\tex/latex/pdflscape\pdflscape.sty
Package: pdflscape 2022-10-27 v0.13 Display of landscape pages in PDF
 (C:\Users\tr364\AppData\Local\Programs\MiKTeX\tex/latex/pdflscape\pdflscape-nometadata.sty
Package: pdflscape-nometadata 2022-10-28 v0.13 Display of landscape pages in PDF (HO)
 (C:\Users\tr364\AppData\Local\Programs\MiKTeX\tex/generic/iftex\iftex.sty
Package: iftex 2024/12/12 v1.0g TeX engine tests
) (C:\Users\tr364\AppData\Local\Programs\MiKTeX\tex/latex/graphics\lscape.sty
Package: lscape 2020/05/28 v3.02 Landscape Pages (DPC)
 (C:\Users\tr364\AppData\Local\Programs\MiKTeX\tex/latex/graphics\graphics.sty
Package: graphics 2024/08/06 v1.4g Standard LaTeX Graphics (DPC,SPQR)
 (C:\Users\tr364\AppData\Local\Programs\MiKTeX\tex/latex/graphics\trig.sty
Package: trig 2023/12/02 v1.11 sin cos tan (DPC)
) (C:\Users\tr364\AppData\Local\Programs\MiKTeX\tex/latex/graphics-cfg\graphics.cfg
File: graphics.cfg 2016/06/04 v1.11 sample graphics configuration
)
Package graphics Info: Driver file: pdftex.def on input line 106.
 (C:\Users\tr364\AppData\Local\Programs\MiKTeX\tex/latex/graphics-def\pdftex.def
File: pdftex.def 2024/04/13 v1.2c Graphics/color driver for pdftex
)))
Package pdflscape Info: Auto-detected driver: pdftex on input line 81.
)) (C:\Users\tr364\AppData\Local\Programs\MiKTeX\tex/latex/pdfpages\pdfpages.sty
Package: pdfpages 2025/03/12 v0.6f Insert pages of external PDF documents (AM)
 (C:\Users\tr364\AppData\Local\Programs\MiKTeX\tex/latex/base\ifthen.sty
Package: ifthen 2024/03/16 v1.1e Standard LaTeX ifthen package (DPC)
) (C:\Users\tr364\AppData\Local\Programs\MiKTeX\tex/latex/tools\calc.sty
Package: calc 2023/07/08 v4.3 Infix arithmetic (KKT,FJ)
\calc@Acount=\count270
\calc@Bcount=\count271
\calc@Adimen=\dimen142
\calc@Bdimen=\dimen143
\calc@Askip=\skip51
\calc@Bskip=\skip52
LaTeX Info: Redefining \setlength on input line 80.
LaTeX Info: Redefining \addtolength on input line 81.
\calc@Ccount=\count272
\calc@Cskip=\skip53
) (C:\Users\tr364\AppData\Local\Programs\MiKTeX\tex/latex/eso-pic\eso-pic.sty
Package: eso-pic 2023/05/03 v3.0c eso-pic (RN)
\ESO@tempdima=\dimen144
\ESO@tempdimb=\dimen145
 (C:\Users\tr364\AppData\Local\Programs\MiKTeX\tex/latex/graphics\keyval.sty
Package: keyval 2022/05/29 v1.15 key=value parser (DPC)
\KV@toks@=\toks17
) (C:\Users\tr364\AppData\Local\Programs\MiKTeX\tex/latex/xcolor\xcolor.sty
Package: xcolor 2024/09/29 v3.02 LaTeX color extensions (UK)
 (C:\Users\tr364\AppData\Local\Programs\MiKTeX\tex/latex/graphics-cfg\color.cfg
File: color.cfg 2016/01/02 v1.6 sample color configuration
)
Package xcolor Info: Driver file: pdftex.def on input line 274.
 (C:\Users\tr364\AppData\Local\Programs\MiKTeX\tex/latex/graphics\mathcolor.ltx)
Package xcolor Info: Model `cmy' substituted by `cmy0' on input line 1349.
Package xcolor Info: Model `hsb' substituted by `rgb' on input line 1353.
Package xcolor Info: Model `RGB' extended on input line 1365.
Package xcolor Info: Model `HTML' substituted by `rgb' on input line 1367.
Package xcolor Info: Model `Hsb' substituted by `hsb' on input line 1368.
Package xcolor Info: Model `tHsb' substituted by `hsb' on input line 1369.
Package xcolor Info: Model `HSB' substituted by `hsb' on input line 1370.
Package xcolor Info: Model `Gray' substituted by `gray' on input line 1371.
Package xcolor Info: Model `wave' substituted by `hsb' on input line 1372.
)) (C:\Users\tr364\AppData\Local\Programs\MiKTeX\tex/latex/etoolbox\etoolbox.sty
Package: etoolbox 2025/02/11 v2.5l e-TeX tools for LaTeX (JAW)
\etb@tempcnta=\count273
) (C:\Users\tr364\AppData\Local\Programs\MiKTeX\tex/latex/graphics\graphicx.sty
Package: graphicx 2021/09/16 v1.2d Enhanced LaTeX Graphics (DPC,SPQR)
\Gin@req@height=\dimen146
\Gin@req@width=\dimen147
)
\AM@pagewidth=\dimen148
\AM@pageheight=\dimen149
\AM@fboxrule=\dimen150
 (C:\Users\tr364\AppData\Local\Programs\MiKTeX\tex/latex/pdfpages\pppdftex.def
File: pppdftex.def 2025/03/12 v0.6f Pdfpages driver for pdfTeX (AM)
)
\pdfpages@includegraphics@status=\count274
\AM@pagebox=\box52
\AM@global@opts=\toks18
\AM@pagecnt=\count275
\AM@toc@title=\toks19
\AM@lof@heading=\toks20
\c@AM@survey=\count276
\AM@templatesizebox=\box53
) (fatec-article.sty
Package: fatec-article 2024/02/15 v1.6 fatec-article package
 (C:\Users\tr364\AppData\Local\Programs\MiKTeX\tex/latex/xpatch\xpatch.sty (C:\Users\tr364\AppData\Local\Programs\MiKTeX\tex/latex/l3kernel\expl3.sty
Package: expl3 2025-01-18 L3 programming layer (loader) 
 (C:\Users\tr364\AppData\Local\Programs\MiKTeX\tex/latex/l3backend\l3backend-pdftex.def
File: l3backend-pdftex.def 2024-05-08 L3 backend support: PDF output (pdfTeX)
\l__color_backend_stack_int=\count277
\l__pdf_internal_box=\box54
))
Package: xpatch 2020/03/25 v0.3a Extending etoolbox patching commands
 (C:\Users\tr364\AppData\Local\Programs\MiKTeX\tex/latex/l3packages/xparse\xparse.sty
Package: xparse 2024-08-16 L3 Experimental document command parser
)) (C:\Users\tr364\AppData\Local\Programs\MiKTeX\tex/latex/oberdiek\ifdraft.sty
Package: ifdraft 2016/05/16 v1.4 Detect class options draft and final (HO)
) (C:\Users\tr364\AppData\Local\Programs\MiKTeX\tex/generic/babel\babel.sty
Package: babel 2025/03/27 v25.6 The multilingual framework for pdfLaTeX, LuaLaTeX and XeLaTeX
\babel@savecnt=\count278
\U@D=\dimen151
\l@unhyphenated=\language79
 (C:\Users\tr364\AppData\Local\Programs\MiKTeX\tex/generic/babel\txtbabel.def)
\bbl@readstream=\read2
\bbl@dirlevel=\count279

*************************************
* Local config file bblopts.cfg used
*
(C:\Users\tr364\AppData\Local\Programs\MiKTeX\tex/latex/arabi\bblopts.cfg
File: bblopts.cfg 2005/09/08 v0.1 add Arabic and Farsi to "declared" options of babel
) (C:\Users\tr364\AppData\Local\Programs\MiKTeX\tex/latex/babel-english\english.ldf
Language: english 2017/06/06 v3.3r English support from the babel system
Package babel Info: Hyphen rules for 'canadian' set to \l@english
(babel)             (\language0). Reported on input line 102.
Package babel Info: Hyphen rules for 'australian' set to \l@ukenglish
(babel)             (\language73). Reported on input line 105.
Package babel Info: Hyphen rules for 'newzealand' set to \l@ukenglish
(babel)             (\language73). Reported on input line 108.
) (C:\Users\tr364\AppData\Local\Programs\MiKTeX\tex/latex/babel-portuges\brazilian.ldf
Language: portuges 2021/07/09 v1.2t Portuguese support from the babel system
Package babel Info: Hyphen rules for 'brazilian' set to \l@portuguese
(babel)             (\language56). Reported on input line 111.
Package babel Info: Making " an active character on input line 143.
)) (C:\Users\tr364\AppData\Local\Programs\MiKTeX\tex/generic/babel/locale/pt\babel-brazilian.tex
Package babel Info: Importing font and identification data for brazilian
(babel)             from babel-pt-BR.ini. Reported on input line 11.
) (C:\Users\tr364\AppData\Local\Programs\MiKTeX\tex/generic/babel/locale/en\babel-english.tex
Package babel Info: Importing font and identification data for english
(babel)             from babel-en.ini. Reported on input line 11.
) (C:\Users\tr364\AppData\Local\Programs\MiKTeX\tex/latex/base\inputenc.sty
Package: inputenc 2024/02/08 v1.3d Input encoding file
\inpenc@prehook=\toks21
\inpenc@posthook=\toks22
) (C:\Users\tr364\AppData\Local\Programs\MiKTeX\tex/latex/base\fontenc.sty
Package: fontenc 2021/04/29 v2.0v Standard LaTeX package
) (C:\Users\tr364\AppData\Local\Programs\MiKTeX\tex/latex/lm\lmodern.sty
Package: lmodern 2015/05/01 v1.6.1 Latin Modern Fonts
LaTeX Font Info:    Overwriting symbol font `operators' in version `normal'
(Font)                  OT1/cmr/m/n --> OT1/lmr/m/n on input line 22.
LaTeX Font Info:    Overwriting symbol font `letters' in version `normal'
(Font)                  OML/cmm/m/it --> OML/lmm/m/it on input line 23.
LaTeX Font Info:    Overwriting symbol font `symbols' in version `normal'
(Font)                  OMS/cmsy/m/n --> OMS/lmsy/m/n on input line 24.
LaTeX Font Info:    Overwriting symbol font `largesymbols' in version `normal'
(Font)                  OMX/cmex/m/n --> OMX/lmex/m/n on input line 25.
LaTeX Font Info:    Overwriting symbol font `operators' in version `bold'
(Font)                  OT1/cmr/bx/n --> OT1/lmr/bx/n on input line 26.
LaTeX Font Info:    Overwriting symbol font `letters' in version `bold'
(Font)                  OML/cmm/b/it --> OML/lmm/b/it on input line 27.
LaTeX Font Info:    Overwriting symbol font `symbols' in version `bold'
(Font)                  OMS/cmsy/b/n --> OMS/lmsy/b/n on input line 28.
LaTeX Font Info:    Overwriting symbol font `largesymbols' in version `bold'
(Font)                  OMX/cmex/m/n --> OMX/lmex/m/n on input line 29.
LaTeX Font Info:    Overwriting math alphabet `\mathbf' in version `normal'
(Font)                  OT1/cmr/bx/n --> OT1/lmr/bx/n on input line 31.
LaTeX Font Info:    Overwriting math alphabet `\mathsf' in version `normal'
(Font)                  OT1/cmss/m/n --> OT1/lmss/m/n on input line 32.
LaTeX Font Info:    Overwriting math alphabet `\mathit' in version `normal'
(Font)                  OT1/cmr/m/it --> OT1/lmr/m/it on input line 33.
LaTeX Font Info:    Overwriting math alphabet `\mathtt' in version `normal'
(Font)                  OT1/cmtt/m/n --> OT1/lmtt/m/n on input line 34.
LaTeX Font Info:    Overwriting math alphabet `\mathbf' in version `bold'
(Font)                  OT1/cmr/bx/n --> OT1/lmr/bx/n on input line 35.
LaTeX Font Info:    Overwriting math alphabet `\mathsf' in version `bold'
(Font)                  OT1/cmss/bx/n --> OT1/lmss/bx/n on input line 36.
LaTeX Font Info:    Overwriting math alphabet `\mathit' in version `bold'
(Font)                  OT1/cmr/bx/it --> OT1/lmr/bx/it on input line 37.
LaTeX Font Info:    Overwriting math alphabet `\mathtt' in version `bold'
(Font)                  OT1/cmtt/m/n --> OT1/lmtt/m/n on input line 38.
) (C:\Users\tr364\AppData\Local\Programs\MiKTeX\tex/latex/newtx\newtxtext.sty
Package: newtxtext 2024/04/01 v1.744(Michael Sharpe) latex and unicode latex support for TeXGyreTermesX
 `newtxtext' v1.744, 2024/04/01 Text macros taking advantage of TeXGyre Termes and its extensions (msharpe) (C:\Users\tr364\AppData\Local\Programs\MiKTeX\tex/latex/xkeyval\xkeyval.sty
Package: xkeyval 2022/06/16 v2.9 package option processing (HA)
 (C:\Users\tr364\AppData\Local\Programs\MiKTeX\tex/generic/xkeyval\xkeyval.tex (C:\Users\tr364\AppData\Local\Programs\MiKTeX\tex/generic/xkeyval\xkvutils.tex
\XKV@toks=\toks23
\XKV@tempa@toks=\toks24
)
\XKV@depth=\count280
File: xkeyval.tex 2014/12/03 v2.7a key=value parser (HA)
)) (C:\Users\tr364\AppData\Local\Programs\MiKTeX\tex/latex/base\textcomp.sty
Package: textcomp 2024/04/24 v2.1b Standard LaTeX package
) (C:\Users\tr364\AppData\Local\Programs\MiKTeX\tex/latex/xstring\xstring.sty (C:\Users\tr364\AppData\Local\Programs\MiKTeX\tex/generic/xstring\xstring.tex
\xs_counta=\count281
\xs_countb=\count282
)
Package: xstring 2023/08/22 v1.86 String manipulations (CT)
) (C:\Users\tr364\AppData\Local\Programs\MiKTeX\tex/latex/carlisle\scalefnt.sty)
LaTeX Font Info:    Setting ntxLF sub-encoding to TS1/0 on input line 24.
LaTeX Font Info:    Setting ntxTLF sub-encoding to TS1/0 on input line 24.
LaTeX Font Info:    Setting ntxOsF sub-encoding to TS1/0 on input line 24.
LaTeX Font Info:    Setting ntxTOsF sub-encoding to TS1/0 on input line 24.
 (C:\Users\tr364\AppData\Local\Programs\MiKTeX\tex/generic/binhex\binhex.tex)
\ntx@tmpcnta=\count283
\ntx@cnt=\count284
 (C:\Users\tr364\AppData\Local\Programs\MiKTeX\tex/latex/fontaxes\fontaxes.sty
Package: fontaxes 2020/07/21 v1.0e Font selection axes
LaTeX Info: Redefining \upshape on input line 29.
LaTeX Info: Redefining \itshape on input line 31.
LaTeX Info: Redefining \slshape on input line 33.
LaTeX Info: Redefining \swshape on input line 35.
LaTeX Info: Redefining \scshape on input line 37.
LaTeX Info: Redefining \sscshape on input line 39.
LaTeX Info: Redefining \ulcshape on input line 41.
LaTeX Info: Redefining \textsw on input line 47.
LaTeX Info: Redefining \textssc on input line 48.
LaTeX Info: Redefining \textulc on input line 49.
)
\tx@sixem=\dimen152
\tx@y=\dimen153
\tx@x=\dimen154
\tx@tmpdima=\dimen155
\tx@tmpdimb=\dimen156
\tx@tmpdimc=\dimen157
\tx@tmpdimd=\dimen158
\tx@tmpdime=\dimen159
\tx@tmpdimf=\dimen160
\tx@dimA=\dimen161
\tx@dimAA=\dimen162
\tx@dimB=\dimen163
\tx@dimBB=\dimen164
\tx@dimC=\dimen165
LaTeX Info: Redefining \oldstylenums on input line 902.
) (C:\Users\tr364\AppData\Local\Programs\MiKTeX\tex/latex/newtx\newtxmath.sty
Package: newtxmath 2024/09/22 v1.754
 `newtxmath' v1.754, 2024/09/22 Math macros based originally on txfonts (msharpe) (C:\Users\tr364\AppData\Local\Programs\MiKTeX\tex/latex/amsmath\amsmath.sty
Package: amsmath 2024/11/05 v2.17t AMS math features
\@mathmargin=\skip54

For additional information on amsmath, use the `?' option.
(C:\Users\tr364\AppData\Local\Programs\MiKTeX\tex/latex/amsmath\amstext.sty
Package: amstext 2021/08/26 v2.01 AMS text
 (C:\Users\tr364\AppData\Local\Programs\MiKTeX\tex/latex/amsmath\amsgen.sty
File: amsgen.sty 1999/11/30 v2.0 generic functions
\@emptytoks=\toks25
\ex@=\dimen166
)) (C:\Users\tr364\AppData\Local\Programs\MiKTeX\tex/latex/amsmath\amsbsy.sty
Package: amsbsy 1999/11/29 v1.2d Bold Symbols
\pmbraise@=\dimen167
) (C:\Users\tr364\AppData\Local\Programs\MiKTeX\tex/latex/amsmath\amsopn.sty
Package: amsopn 2022/04/08 v2.04 operator names
)
\inf@bad=\count285
LaTeX Info: Redefining \frac on input line 233.
\uproot@=\count286
\leftroot@=\count287
LaTeX Info: Redefining \overline on input line 398.
LaTeX Info: Redefining \colon on input line 409.
\classnum@=\count288
\DOTSCASE@=\count289
LaTeX Info: Redefining \ldots on input line 495.
LaTeX Info: Redefining \dots on input line 498.
LaTeX Info: Redefining \cdots on input line 619.
\Mathstrutbox@=\box55
\strutbox@=\box56
LaTeX Info: Redefining \big on input line 721.
LaTeX Info: Redefining \Big on input line 722.
LaTeX Info: Redefining \bigg on input line 723.
LaTeX Info: Redefining \Bigg on input line 724.
\big@size=\dimen168
LaTeX Font Info:    Redeclaring font encoding OML on input line 742.
LaTeX Font Info:    Redeclaring font encoding OMS on input line 743.
\macc@depth=\count290
LaTeX Info: Redefining \bmod on input line 904.
LaTeX Info: Redefining \pmod on input line 909.
LaTeX Info: Redefining \smash on input line 939.
LaTeX Info: Redefining \relbar on input line 969.
LaTeX Info: Redefining \Relbar on input line 970.
\c@MaxMatrixCols=\count291
\dotsspace@=\muskip17
\c@parentequation=\count292
\dspbrk@lvl=\count293
\tag@help=\toks26
\row@=\count294
\column@=\count295
\maxfields@=\count296
\andhelp@=\toks27
\eqnshift@=\dimen169
\alignsep@=\dimen170
\tagshift@=\dimen171
\tagwidth@=\dimen172
\totwidth@=\dimen173
\lineht@=\dimen174
\@envbody=\toks28
\multlinegap=\skip55
\multlinetaggap=\skip56
\mathdisplay@stack=\toks29
LaTeX Info: Redefining \[ on input line 2953.
LaTeX Info: Redefining \] on input line 2954.
) (C:\Users\tr364\AppData\Local\Programs\MiKTeX\tex/latex/oberdiek\centernot.sty
Package: centernot 2016/05/16 v1.4 Centers the not symbol horizontally (HO)
)
\tx@cntz=\count297
 (C:\Users\tr364\AppData\Local\Programs\MiKTeX\tex/generic/binhex\binhex.tex)
\tx@Isdigit=\count298
\tx@IsAlNum=\count299
\tx@tA=\toks30
\tx@tB=\toks31
\tx@su=\read3

amsthm NOT loaded
LaTeX Font Info:    Redeclaring symbol font `operators' on input line 402.
LaTeX Font Info:    Overwriting symbol font `operators' in version `normal'
(Font)                  OT1/lmr/m/n --> OT1/minntx/m/n on input line 402.
LaTeX Font Info:    Overwriting symbol font `operators' in version `bold'
(Font)                  OT1/lmr/bx/n --> OT1/minntx/m/n on input line 402.
LaTeX Font Info:    Overwriting symbol font `operators' in version `bold'
(Font)                  OT1/minntx/m/n --> OT1/minntx/b/n on input line 403.
LaTeX Font Info:    Redeclaring math alphabet \mathsf on input line 410.
LaTeX Font Info:    Overwriting math alphabet `\mathsf' in version `normal'
(Font)                  OT1/lmss/m/n --> OT1/lmss/m/n on input line 410.
LaTeX Font Info:    Overwriting math alphabet `\mathsf' in version `bold'
(Font)                  OT1/lmss/bx/n --> OT1/lmss/m/n on input line 410.
LaTeX Font Info:    Overwriting math alphabet `\mathsf' in version `bold'
(Font)                  OT1/lmss/m/n --> OT1/lmss/b/n on input line 412.
LaTeX Font Info:    Redeclaring math alphabet \mathit on input line 419.
LaTeX Font Info:    Overwriting math alphabet `\mathit' in version `normal'
(Font)                  OT1/lmr/m/it --> OT1/minntx/m/it on input line 419.
LaTeX Font Info:    Overwriting math alphabet `\mathit' in version `bold'
(Font)                  OT1/lmr/bx/it --> OT1/minntx/m/it on input line 419.
LaTeX Font Info:    Redeclaring math alphabet \mathtt on input line 420.
LaTeX Font Info:    Overwriting math alphabet `\mathtt' in version `normal'
(Font)                  OT1/lmtt/m/n --> T1/lmtt/m/n on input line 420.
LaTeX Font Info:    Overwriting math alphabet `\mathtt' in version `bold'
(Font)                  OT1/lmtt/m/n --> T1/lmtt/m/n on input line 420.
LaTeX Font Info:    Redeclaring math alphabet \mathbf on input line 422.
LaTeX Font Info:    Overwriting math alphabet `\mathbf' in version `normal'
(Font)                  OT1/lmr/bx/n --> OT1/minntx/b/n on input line 422.
LaTeX Font Info:    Overwriting math alphabet `\mathbf' in version `bold'
(Font)                  OT1/lmr/bx/n --> OT1/minntx/b/n on input line 422.
LaTeX Font Info:    Overwriting math alphabet `\mathit' in version `bold'
(Font)                  OT1/minntx/m/it --> OT1/minntx/b/it on input line 423.
LaTeX Font Info:    Overwriting math alphabet `\mathtt' in version `bold'
(Font)                  T1/lmtt/m/n --> T1/lmtt/b/n on input line 426.
LaTeX Font Info:    Redeclaring symbol font `letters' on input line 534.
LaTeX Font Info:    Overwriting symbol font `letters' in version `normal'
(Font)                  OML/lmm/m/it --> OML/ntxmi/m/it on input line 534.
LaTeX Font Info:    Overwriting symbol font `letters' in version `bold'
(Font)                  OML/lmm/b/it --> OML/ntxmi/m/it on input line 534.
LaTeX Font Info:    Overwriting symbol font `letters' in version `bold'
(Font)                  OML/ntxmi/m/it --> OML/ntxmi/b/it on input line 535.
\symlettersA=\mathgroup4
LaTeX Font Info:    Overwriting symbol font `lettersA' in version `bold'
(Font)                  U/ntxmia/m/it --> U/ntxmia/b/it on input line 582.
Now handling font encoding LMS ...
... no UTF-8 mapping file for font encoding LMS
LaTeX Font Info:    Redeclaring symbol font `symbols' on input line 604.
LaTeX Font Info:    Encoding `OMS' has changed to `LMS' for symbol font
(Font)              `symbols' in the math version `normal' on input line 604.
LaTeX Font Info:    Overwriting symbol font `symbols' in version `normal'
(Font)                  OMS/lmsy/m/n --> LMS/ntxsy/m/n on input line 604.
LaTeX Font Info:    Encoding `OMS' has changed to `LMS' for symbol font
(Font)              `symbols' in the math version `bold' on input line 604.
LaTeX Font Info:    Overwriting symbol font `symbols' in version `bold'
(Font)                  OMS/lmsy/b/n --> LMS/ntxsy/m/n on input line 604.
LaTeX Font Info:    Overwriting symbol font `symbols' in version `bold'
(Font)                  LMS/ntxsy/m/n --> LMS/ntxsy/b/n on input line 605.
\symAMSm=\mathgroup5
LaTeX Font Info:    Overwriting symbol font `AMSm' in version `bold'
(Font)                  U/ntxsym/m/n --> U/ntxsym/b/n on input line 630.
\symsymbolsC=\mathgroup6
LaTeX Font Info:    Overwriting symbol font `symbolsC' in version `bold'
(Font)                  U/ntxsyc/m/n --> U/ntxsyc/b/n on input line 651.
Now handling font encoding LMX ...
... no UTF-8 mapping file for font encoding LMX
LaTeX Font Info:    Redeclaring symbol font `largesymbols' on input line 664.
LaTeX Font Info:    Encoding `OMX' has changed to `LMX' for symbol font
(Font)              `largesymbols' in the math version `normal' on input line 664.
LaTeX Font Info:    Overwriting symbol font `largesymbols' in version `normal'
(Font)                  OMX/lmex/m/n --> LMX/ntxexx/m/n on input line 664.
LaTeX Font Info:    Encoding `OMX' has changed to `LMX' for symbol font
(Font)              `largesymbols' in the math version `bold' on input line 664.
LaTeX Font Info:    Overwriting symbol font `largesymbols' in version `bold'
(Font)                  OMX/lmex/m/n --> LMX/ntxexx/m/n on input line 664.
LaTeX Font Info:    Overwriting symbol font `largesymbols' in version `bold'
(Font)                  LMX/ntxexx/m/n --> LMX/ntxexx/b/n on input line 665.
\symlargesymbolsTXA=\mathgroup7
LaTeX Font Info:    Overwriting symbol font `largesymbolsTXA' in version `bold'
(Font)                  U/ntxexa/m/n --> U/ntxexa/b/n on input line 679.
\tx@sbptoks=\toks32
LaTeX Font Info:    Redeclaring math delimiter \lfloor on input line 902.
LaTeX Font Info:    Redeclaring math delimiter \rfloor on input line 903.
LaTeX Font Info:    Redeclaring math delimiter \lceil on input line 904.
LaTeX Font Info:    Redeclaring math delimiter \rceil on input line 905.
LaTeX Font Info:    Redeclaring math delimiter \lbrace on input line 910.
LaTeX Font Info:    Redeclaring math delimiter \rbrace on input line 911.
LaTeX Font Info:    Redeclaring math delimiter \langle on input line 913.
LaTeX Font Info:    Redeclaring math delimiter \rangle on input line 915.
LaTeX Font Info:    Redeclaring math delimiter \arrowvert on input line 919.
LaTeX Font Info:    Redeclaring math delimiter \vert on input line 920.
LaTeX Font Info:    Redeclaring math symbol \hbar on input line 966.
LaTeX Font Info:    Redeclaring math accent \dot on input line 991.
LaTeX Font Info:    Redeclaring math accent \ddot on input line 992.
LaTeX Font Info:    Redeclaring math accent \vec on input line 2057.
LaTeX Info: Redefining \Bbbk on input line 2847.
LaTeX Info: Redefining \not on input line 2995.
) (C:\Users\tr364\AppData\Local\Programs\MiKTeX\tex/latex/fontawesome5\fontawesome5.sty
Package: fontawesome5 2022/05/02 v5.15.4 Font Awesome 5
 (C:\Users\tr364\AppData\Local\Programs\MiKTeX\tex/latex/l3packages/l3keys2e\l3keys2e.sty
Package: l3keys2e 2024-08-16 LaTeX2e option processing using LaTeX3 keys
) (C:\Users\tr364\AppData\Local\Programs\MiKTeX\tex/latex/fontawesome5\fontawesome5-generic-helper.sty
Package: fontawesome5-generic-helper 2022/05/02 v5.15.4 non-uTeX helper for fontawesome5
 (C:\Users\tr364\AppData\Local\Programs\MiKTeX\tex/latex/fontawesome5\fontawesome5-mapping.def))) (C:\Users\tr364\AppData\Local\Programs\MiKTeX\tex/latex/microtype\microtype.sty
Package: microtype 2025/02/11 v3.2a Micro-typographical refinements (RS)
\MT@toks=\toks33
\MT@tempbox=\box57
\MT@count=\count300
LaTeX Info: Redefining \noprotrusionifhmode on input line 1087.
LaTeX Info: Redefining \leftprotrusion on input line 1088.
\MT@prot@toks=\toks34
LaTeX Info: Redefining \rightprotrusion on input line 1107.
LaTeX Info: Redefining \textls on input line 1449.
\MT@outer@kern=\dimen175
LaTeX Info: Redefining \microtypecontext on input line 2053.
LaTeX Info: Redefining \textmicrotypecontext on input line 2070.
\MT@listname@count=\count301
 (C:\Users\tr364\AppData\Local\Programs\MiKTeX\tex/latex/microtype\microtype-pdftex.def
File: microtype-pdftex.def 2025/02/11 v3.2a Definitions specific to pdftex (RS)
LaTeX Info: Redefining \lsstyle on input line 944.
LaTeX Info: Redefining \lslig on input line 944.
\MT@outer@space=\skip57
)
Package microtype Info: Loading configuration file microtype.cfg.
 (C:\Users\tr364\AppData\Local\Programs\MiKTeX\tex/latex/microtype\microtype.cfg
File: microtype.cfg 2025/02/11 v3.2a microtype main configuration file (RS)
)
LaTeX Info: Redefining \microtypesetup on input line 3065.
) (C:\Users\tr364\AppData\Local\Programs\MiKTeX\tex/latex/ragged2e\ragged2e.sty
Package: ragged2e 2023/06/22 v3.6 ragged2e Package
\CenteringLeftskip=\skip58
\RaggedLeftLeftskip=\skip59
\RaggedRightLeftskip=\skip60
\CenteringRightskip=\skip61
\RaggedLeftRightskip=\skip62
\RaggedRightRightskip=\skip63
\CenteringParfillskip=\skip64
\RaggedLeftParfillskip=\skip65
\RaggedRightParfillskip=\skip66
\JustifyingParfillskip=\skip67
\CenteringParindent=\skip68
\RaggedLeftParindent=\skip69
\RaggedRightParindent=\skip70
\JustifyingParindent=\skip71
) (C:\Users\tr364\AppData\Local\Programs\MiKTeX\tex/latex/textcase\textcase.sty
Package: textcase 2025/02/16 v1.05 Text only upper/lower case changing (DPC)
Package textcase Info: Defining Legacy names on input line 20.
) (C:\Users\tr364\AppData\Local\Programs\MiKTeX\tex/latex/csquotes\csquotes.sty
Package: csquotes 2024-04-04 v5.2o context-sensitive quotations (JAW)
\csq@reset=\count302
\csq@gtype=\count303
\csq@glevel=\count304
\csq@qlevel=\count305
\csq@maxlvl=\count306
\csq@tshold=\count307
\csq@ltx@everypar=\toks35
 (C:\Users\tr364\AppData\Local\Programs\MiKTeX\tex/latex/csquotes\csquotes.def
File: csquotes.def 2024-04-04 v5.2o csquotes generic definitions (JAW)
)
Package csquotes Info: Trying to load configuration file 'csquotes.cfg'...
Package csquotes Info: ... configuration file loaded successfully.
 (C:\Users\tr364\AppData\Local\Programs\MiKTeX\tex/latex/csquotes\csquotes.cfg
File: csquotes.cfg 
)) (C:\Users\tr364\AppData\Local\Programs\MiKTeX\tex/latex/lipsum\lipsum.sty
Package: lipsum 2021-09-20 v2.7 150 paragraphs of Lorem Ipsum dummy text
\g__lipsum_par_int=\count308
\l__lipsum_a_int=\count309
\l__lipsum_b_int=\count310
 (C:\Users\tr364\AppData\Local\Programs\MiKTeX\tex/latex/lipsum\lipsum.ltd.tex)) (C:\Users\tr364\AppData\Local\Programs\MiKTeX\tex/latex/colortbl\colortbl.sty
Package: colortbl 2024/07/06 v1.0i Color table columns (DPC)
 (C:\Users\tr364\AppData\Local\Programs\MiKTeX\tex/latex/tools\array.sty
Package: array 2024/10/17 v2.6g Tabular extension package (FMi)
\col@sep=\dimen176
\ar@mcellbox=\box58
\extrarowheight=\dimen177
\NC@list=\toks36
\extratabsurround=\skip72
\backup@length=\skip73
\ar@cellbox=\box59
)
\everycr=\toks37
\minrowclearance=\skip74
\rownum=\count311
)

LaTeX Warning: Package "xcolor" has already been loaded: ignoring load-time
(LaTeX)        option "xcdraw".

(C:\Users\tr364\AppData\Local\Programs\MiKTeX\tex/latex/geometry\geometry.sty
Package: geometry 2020/01/02 v5.9 Page Geometry
 (C:\Users\tr364\AppData\Local\Programs\MiKTeX\tex/generic/iftex\ifvtex.sty
Package: ifvtex 2019/10/25 v1.7 ifvtex legacy package. Use iftex instead.
)
\Gm@cnth=\count312
\Gm@cntv=\count313
\c@Gm@tempcnt=\count314
\Gm@bindingoffset=\dimen178
\Gm@wd@mp=\dimen179
\Gm@odd@mp=\dimen180
\Gm@even@mp=\dimen181
\Gm@layoutwidth=\dimen182
\Gm@layoutheight=\dimen183
\Gm@layouthoffset=\dimen184
\Gm@layoutvoffset=\dimen185
\Gm@dimlist=\toks38
 (C:\Users\tr364\AppData\Local\Programs\MiKTeX\tex/latex/geometry\geometry.cfg)) (C:\Users\tr364\AppData\Local\Programs\MiKTeX\tex/latex/tools\indentfirst.sty
Package: indentfirst 2023/07/02 v1.03 Indent first paragraph (DPC)
) (C:\Users\tr364\AppData\Local\Programs\MiKTeX\tex/latex/fancyhdr\fancyhdr.sty
Package: fancyhdr 2025/02/07 v5.2 Extensive control of page headers and footers
\f@nch@headwidth=\skip75
\f@nch@offset@elh=\skip76
\f@nch@offset@erh=\skip77
\f@nch@offset@olh=\skip78
\f@nch@offset@orh=\skip79
\f@nch@offset@elf=\skip80
\f@nch@offset@erf=\skip81
\f@nch@offset@olf=\skip82
\f@nch@offset@orf=\skip83
\f@nch@height=\skip84
\f@nch@footalignment=\skip85
\f@nch@widthL=\skip86
\f@nch@widthC=\skip87
\f@nch@widthR=\skip88
\@temptokenb=\toks39
) (C:\Users\tr364\AppData\Local\Programs\MiKTeX\tex/latex/footmisc\footmisc.sty
Package: footmisc 2025/03/10 v7.0a a miscellany of footnote facilities
 (C:\Users\tr364\AppData\Local\Programs\MiKTeX\tex/latex/footmisc\footmisc-2022-02-14.sty
Package: footmisc 2024/12/24 v6.0g a miscellany of footnote facilities
\FN@temptoken=\toks40
\footnotemargin=\dimen186
\@outputbox@depth=\dimen187
Package footmisc Info: Declaring symbol style bringhurst on input line 699.
Package footmisc Info: Declaring symbol style chicago on input line 707.
Package footmisc Info: Declaring symbol style wiley on input line 716.
Package footmisc Info: Declaring symbol style lamport-robust on input line 727.
Package footmisc Info: Declaring symbol style lamport* on input line 747.
Package footmisc Info: Declaring symbol style lamport*-robust on input line 768.
)) (C:\Users\tr364\AppData\Local\Programs\MiKTeX\tex/latex/enumitem\enumitem.sty
Package: enumitem 2025/02/06 v3.11 Customized lists
\labelindent=\skip89
\enit@outerparindent=\dimen188
\enit@toks=\toks41
\enit@inbox=\box60
\enit@count@id=\count315
\enitdp@description=\count316
) (C:\Users\tr364\AppData\Local\Programs\MiKTeX\tex/latex/environ\environ.sty
Package: environ 2014/05/04 v0.3 A new way to define environments
 (C:\Users\tr364\AppData\Local\Programs\MiKTeX\tex/latex/trimspaces\trimspaces.sty
Package: trimspaces 2009/09/17 v1.1 Trim spaces around a token list
)) (C:\Users\tr364\AppData\Local\Programs\MiKTeX\tex/latex/was\icomma.sty
Package: icomma 2002/03/10 v2.0 (WaS)
) (C:\Users\tr364\AppData\Local\Programs\MiKTeX\tex/latex/newfloat\newfloat.sty
Package: newfloat 2023/10/01 v1.2 Defining new floating environments (AR)
) (C:\Users\tr364\AppData\Local\Programs\MiKTeX\tex/latex/draftfigure\draftfigure.sty
Package: draftfigure 2017/07/19 v0.2 draftfigure (LCB)
\df@height=\skip90
\df@length=\skip91
) (C:\Users\tr364\AppData\Local\Programs\MiKTeX\tex/latex/booktabs\booktabs.sty
Package: booktabs 2020/01/12 v1.61803398 Publication quality tables
\heavyrulewidth=\dimen189
\lightrulewidth=\dimen190
\cmidrulewidth=\dimen191
\belowrulesep=\dimen192
\belowbottomsep=\dimen193
\aboverulesep=\dimen194
\abovetopsep=\dimen195
\cmidrulesep=\dimen196
\cmidrulekern=\dimen197
\defaultaddspace=\dimen198
\@cmidla=\count317
\@cmidlb=\count318
\@aboverulesep=\dimen199
\@belowrulesep=\dimen256
\@thisruleclass=\count319
\@lastruleclass=\count320
\@thisrulewidth=\dimen257
) (C:\Users\tr364\AppData\Local\Programs\MiKTeX\tex/latex/tools\tabularx.sty
Package: tabularx 2023/12/11 v2.12a `tabularx' package (DPC)
\TX@col@width=\dimen258
\TX@old@table=\dimen259
\TX@old@col=\dimen260
\TX@target=\dimen261
\TX@delta=\dimen262
\TX@cols=\count321
\TX@ftn=\toks42
) (C:\Users\tr364\AppData\Local\Programs\MiKTeX\tex/latex/caption\caption.sty
Package: caption 2023/08/05 v3.6o Customizing captions (AR)
 (C:\Users\tr364\AppData\Local\Programs\MiKTeX\tex/latex/caption\caption3.sty
Package: caption3 2023/07/31 v2.4d caption3 kernel (AR)
\caption@tempdima=\dimen263
\captionmargin=\dimen264
\caption@leftmargin=\dimen265
\caption@rightmargin=\dimen266
\caption@width=\dimen267
\caption@indent=\dimen268
\caption@parindent=\dimen269
\caption@hangindent=\dimen270
Package caption Info: Standard document class detected.
)
\c@caption@flags=\count322
\c@continuedfloat=\count323
) (C:\Users\tr364\AppData\Local\Programs\MiKTeX\tex/latex/biblatex\biblatex.sty
Package: biblatex 2024/03/21 v3.20 programmable bibliographies (PK/MW)
 (C:\Users\tr364\AppData\Local\Programs\MiKTeX\tex/generic/pdftexcmds\pdftexcmds.sty
Package: pdftexcmds 2020-06-27 v0.33 Utility functions of pdfTeX for LuaTeX (HO)
 (C:\Users\tr364\AppData\Local\Programs\MiKTeX\tex/generic/infwarerr\infwarerr.sty
Package: infwarerr 2019/12/03 v1.5 Providing info/warning/error messages (HO)
) (C:\Users\tr364\AppData\Local\Programs\MiKTeX\tex/generic/ltxcmds\ltxcmds.sty
Package: ltxcmds 2023-12-04 v1.26 LaTeX kernel commands for general use (HO)
)
Package pdftexcmds Info: \pdf@primitive is available.
Package pdftexcmds Info: \pdf@ifprimitive is available.
Package pdftexcmds Info: \pdfdraftmode found.
) (C:\Users\tr364\AppData\Local\Programs\MiKTeX\tex/latex/kvoptions\kvoptions.sty
Package: kvoptions 2022-06-15 v3.15 Key value format for package options (HO)
 (C:\Users\tr364\AppData\Local\Programs\MiKTeX\tex/latex/kvsetkeys\kvsetkeys.sty
Package: kvsetkeys 2022-10-05 v1.19 Key value parser (HO)
)) (C:\Users\tr364\AppData\Local\Programs\MiKTeX\tex/latex/logreq\logreq.sty
Package: logreq 2010/08/04 v1.0 xml request logger
\lrq@indent=\count324
 (C:\Users\tr364\AppData\Local\Programs\MiKTeX\tex/latex/logreq\logreq.def
File: logreq.def 2010/08/04 v1.0 logreq spec v1.0
)) (C:\Users\tr364\AppData\Local\Programs\MiKTeX\tex/latex/url\url.sty
\Urlmuskip=\muskip18
Package: url 2013/09/16  ver 3.4  Verb mode for urls, etc.
)
\c@tabx@nest=\count325
\c@listtotal=\count326
\c@listcount=\count327
\c@liststart=\count328
\c@liststop=\count329
\c@citecount=\count330
\c@citetotal=\count331
\c@multicitecount=\count332
\c@multicitetotal=\count333
\c@instcount=\count334
\c@maxnames=\count335
\c@minnames=\count336
\c@maxitems=\count337
\c@minitems=\count338
\c@citecounter=\count339
\c@maxcitecounter=\count340
\c@savedcitecounter=\count341
\c@uniquelist=\count342
\c@uniquename=\count343
\c@refsection=\count344
\c@refsegment=\count345
\c@maxextratitle=\count346
\c@maxextratitleyear=\count347
\c@maxextraname=\count348
\c@maxextradate=\count349
\c@maxextraalpha=\count350
\c@abbrvpenalty=\count351
\c@highnamepenalty=\count352
\c@lownamepenalty=\count353
\c@maxparens=\count354
\c@parenlevel=\count355
\blx@tempcnta=\count356
\blx@tempcntb=\count357
\blx@tempcntc=\count358
\c@blx@maxsection=\count359
\blx@maxsegment@0=\count360
\blx@notetype=\count361
\blx@parenlevel@text=\count362
\blx@parenlevel@foot=\count363
\blx@sectionciteorder@0=\count364
\blx@sectionciteorderinternal@0=\count365
\blx@entrysetcounter=\count366
\blx@biblioinstance=\count367
\labelnumberwidth=\skip92
\labelalphawidth=\skip93
\biblabelsep=\skip94
\bibitemsep=\skip95
\bibnamesep=\skip96
\bibinitsep=\skip97
\bibparsep=\skip98
\bibhang=\skip99
\blx@bcfin=\read4
\blx@bcfout=\write3
\blx@langwohyphens=\language80
\c@mincomprange=\count368
\c@maxcomprange=\count369
\c@mincompwidth=\count370
Package biblatex Info: Trying to load biblatex default data model...
Package biblatex Info: ... file 'blx-dm.def' found.
 (C:\Users\tr364\AppData\Local\Programs\MiKTeX\tex/latex/biblatex\blx-dm.def
File: blx-dm.def 2024/03/21 v3.20 biblatex datamodel (PK/MW)
)
Package biblatex Info: Trying to load biblatex style data model...
Package biblatex Info: ... file 'abnt.dbx' not found.
Package biblatex Info: Trying to load biblatex custom data model...
Package biblatex Info: ... file 'biblatex-dm.cfg' not found.
\c@afterword=\count371
\c@savedafterword=\count372
\c@annotator=\count373
\c@savedannotator=\count374
\c@author=\count375
\c@savedauthor=\count376
\c@bookauthor=\count377
\c@savedbookauthor=\count378
\c@commentator=\count379
\c@savedcommentator=\count380
\c@editor=\count381
\c@savededitor=\count382
\c@editora=\count383
\c@savededitora=\count384
\c@editorb=\count385
\c@savededitorb=\count386
\c@editorc=\count387
\c@savededitorc=\count388
\c@foreword=\count389
\c@savedforeword=\count390
\c@holder=\count391
\c@savedholder=\count392
\c@introduction=\count393
\c@savedintroduction=\count394
\c@namea=\count395
\c@savednamea=\count396
\c@nameb=\count397
\c@savednameb=\count398
\c@namec=\count399
\c@savednamec=\count400
\c@translator=\count401
\c@savedtranslator=\count402
\c@shortauthor=\count403
\c@savedshortauthor=\count404
\c@shorteditor=\count405
\c@savedshorteditor=\count406
\c@labelname=\count407
\c@savedlabelname=\count408
\c@institution=\count409
\c@savedinstitution=\count410
\c@lista=\count411
\c@savedlista=\count412
\c@listb=\count413
\c@savedlistb=\count414
\c@listc=\count415
\c@savedlistc=\count416
\c@listd=\count417
\c@savedlistd=\count418
\c@liste=\count419
\c@savedliste=\count420
\c@listf=\count421
\c@savedlistf=\count422
\c@location=\count423
\c@savedlocation=\count424
\c@organization=\count425
\c@savedorganization=\count426
\c@origlocation=\count427
\c@savedoriglocation=\count428
\c@origpublisher=\count429
\c@savedorigpublisher=\count430
\c@publisher=\count431
\c@savedpublisher=\count432
\c@language=\count433
\c@savedlanguage=\count434
\c@origlanguage=\count435
\c@savedoriglanguage=\count436
\c@pageref=\count437
\c@savedpageref=\count438
\shorthandwidth=\skip100
\shortjournalwidth=\skip101
\shortserieswidth=\skip102
\shorttitlewidth=\skip103
\shortauthorwidth=\skip104
\shorteditorwidth=\skip105
\locallabelnumberwidth=\skip106
\locallabelalphawidth=\skip107
\localshorthandwidth=\skip108
\localshortjournalwidth=\skip109
\localshortserieswidth=\skip110
\localshorttitlewidth=\skip111
\localshortauthorwidth=\skip112
\localshorteditorwidth=\skip113
Package biblatex Info: Trying to load compatibility code...
Package biblatex Info: ... file 'blx-compat.def' found.
 (C:\Users\tr364\AppData\Local\Programs\MiKTeX\tex/latex/biblatex\blx-compat.def
File: blx-compat.def 2024/03/21 v3.20 biblatex compatibility (PK/MW)
)
Package biblatex Info: Trying to load generic definitions...
Package biblatex Info: ... file 'biblatex.def' found.
 (C:\Users\tr364\AppData\Local\Programs\MiKTeX\tex/latex/biblatex\biblatex.def
File: biblatex.def 2024/03/21 v3.20 biblatex compatibility (PK/MW)
\c@textcitecount=\count439
\c@textcitetotal=\count440
\c@textcitemaxnames=\count441
\c@biburlbigbreakpenalty=\count442
\c@biburlbreakpenalty=\count443
\c@biburlnumpenalty=\count444
\c@biburlucpenalty=\count445
\c@biburllcpenalty=\count446
\biburlbigskip=\muskip19
\biburlnumskip=\muskip20
\biburlucskip=\muskip21
\biburllcskip=\muskip22
\c@smartand=\count447
)
Package biblatex Info: Trying to load natbib compatibility...
Package biblatex Info: ... file 'blx-natbib.def' found.
 (C:\Users\tr364\AppData\Local\Programs\MiKTeX\tex/latex/biblatex\blx-natbib.def
File: blx-natbib.def 2024/03/21 v3.20 biblatex compatibility (PK/MW)
Package biblatex Info: Delimiter 'nameyeardelim' in context '' already defined, overwriting.
)
Package biblatex Info: Trying to load bibliography style 'abnt'...
Package biblatex Info: ... file 'abnt.bbx' found.
 (C:\Users\tr364\AppData\Local\Programs\MiKTeX\tex/latex/biblatex-abnt/bbx\abnt.bbx
File: abnt.bbx 2018-11-17 v3.4 ABNT BibLaTeX citation style
Package biblatex Info: Trying to load bibliography style 'standard'...
Package biblatex Info: ... file 'standard.bbx' found.
 (C:\Users\tr364\AppData\Local\Programs\MiKTeX\tex/latex/biblatex/bbx\standard.bbx
File: standard.bbx 2024/03/21 v3.20 biblatex bibliography style (PK/MW)
\c@bbx:relatedcount=\count448
\c@bbx:relatedtotal=\count449
))
Package biblatex Info: Trying to load citation style 'abnt'...
Package biblatex Info: ... file 'abnt.cbx' found.
 (C:\Users\tr364\AppData\Local\Programs\MiKTeX\tex/latex/biblatex-abnt/cbx\abnt.cbx
File: abnt.cbx 2018-11-17 v3.4 ABNT BibLaTeX citation style
Package biblatex Info: Trying to load citation style 'authoryear-comp'...
Package biblatex Info: ... file 'authoryear-comp.cbx' found.
 (C:\Users\tr364\AppData\Local\Programs\MiKTeX\tex/latex/biblatex/cbx\authoryear-comp.cbx
File: authoryear-comp.cbx 2024/03/21 v3.20 biblatex citation style (PK/MW)
Package biblatex Info: Redefining '\cite'.
Package biblatex Info: Redefining '\parencite'.
Package biblatex Info: Redefining '\footcite'.
Package biblatex Info: Redefining '\footcitetext'.
Package biblatex Info: Redefining '\smartcite'.
Package biblatex Info: Redefining '\textcite'.
Package biblatex Info: Redefining '\textcites'.
Package biblatex Info: Redefining '\cites'.
Package biblatex Info: Redefining '\parencites'.
Package biblatex Info: Redefining '\footcites'.
Package biblatex Info: Redefining '\footcitetexts'.
Package biblatex Info: Redefining '\smartcites'.
)
Package biblatex Info: Redefining '\cite'.
Package biblatex Info: Redefining '\cites'.
Package biblatex Info: Redefining '\footcite'.
Package biblatex Info: Redefining '\footcites'.
Package biblatex Info: Redefining '\citetitle'.
Package biblatex Info: Redefining '\smartcite'.
Package biblatex Info: Redefining '\citeauthor'.
Package biblatex Info: Redefining '\citeyear'.
)
Package biblatex Info: Trying to load configuration file...
Package biblatex Info: ... file 'biblatex.cfg' found.
 (C:\Users\tr364\AppData\Local\Programs\MiKTeX\tex/latex/biblatex\biblatex.cfg
File: biblatex.cfg 
)
Package biblatex Info: Input encoding 'utf8' detected.
Package biblatex Info: Document encoding is UTF8 ....
Package biblatex Info: ... and expl3
(biblatex)             2025-01-18 L3 programming layer (loader) 
(biblatex)             is new enough (at least 2020/04/06),
(biblatex)             setting 'casechanger=expl3'.
 (C:\Users\tr364\AppData\Local\Programs\MiKTeX\tex/latex/biblatex\blx-case-expl3.sty
Package: blx-case-expl3 2024/03/21 v3.20 expl3 case changing code for biblatex
)) (C:\Users\tr364\AppData\Local\Programs\MiKTeX\tex/latex/xurl\xurl.sty
Package: xurl 2022/01/09 v 0.10 modify URL breaks

xurl: Set penalties for biblatex
) (C:\Users\tr364\AppData\Local\Programs\MiKTeX\tex/latex/hyperref\hyperref.sty
Package: hyperref 2024-11-05 v7.01l Hypertext links for LaTeX
 (C:\Users\tr364\AppData\Local\Programs\MiKTeX\tex/generic/kvdefinekeys\kvdefinekeys.sty
Package: kvdefinekeys 2019-12-19 v1.6 Define keys (HO)
) (C:\Users\tr364\AppData\Local\Programs\MiKTeX\tex/generic/pdfescape\pdfescape.sty
Package: pdfescape 2019/12/09 v1.15 Implements pdfTeX's escape features (HO)
) (C:\Users\tr364\AppData\Local\Programs\MiKTeX\tex/latex/hycolor\hycolor.sty
Package: hycolor 2020-01-27 v1.10 Color options for hyperref/bookmark (HO)
) (C:\Users\tr364\AppData\Local\Programs\MiKTeX\tex/latex/hyperref\nameref.sty
Package: nameref 2023-11-26 v2.56 Cross-referencing by name of section
 (C:\Users\tr364\AppData\Local\Programs\MiKTeX\tex/latex/refcount\refcount.sty
Package: refcount 2019/12/15 v3.6 Data extraction from label references (HO)
) (C:\Users\tr364\AppData\Local\Programs\MiKTeX\tex/generic/gettitlestring\gettitlestring.sty
Package: gettitlestring 2019/12/15 v1.6 Cleanup title references (HO)
)
\c@section@level=\count450
) (C:\Users\tr364\AppData\Local\Programs\MiKTeX\tex/generic/stringenc\stringenc.sty
Package: stringenc 2019/11/29 v1.12 Convert strings between diff. encodings (HO)
)
\@linkdim=\dimen271
\Hy@linkcounter=\count451
\Hy@pagecounter=\count452
 (C:\Users\tr364\AppData\Local\Programs\MiKTeX\tex/latex/hyperref\pd1enc.def
File: pd1enc.def 2024-11-05 v7.01l Hyperref: PDFDocEncoding definition (HO)
Now handling font encoding PD1 ...
... no UTF-8 mapping file for font encoding PD1
) (C:\Users\tr364\AppData\Local\Programs\MiKTeX\tex/generic/intcalc\intcalc.sty
Package: intcalc 2019/12/15 v1.3 Expandable calculations with integers (HO)
)
\Hy@SavedSpaceFactor=\count453
 (C:\Users\tr364\AppData\Local\Programs\MiKTeX\tex/latex/hyperref\puenc.def
File: puenc.def 2024-11-05 v7.01l Hyperref: PDF Unicode definition (HO)
Now handling font encoding PU ...
... no UTF-8 mapping file for font encoding PU
)
Package hyperref Info: Hyper figures OFF on input line 4157.
Package hyperref Info: Link nesting OFF on input line 4162.
Package hyperref Info: Hyper index ON on input line 4165.
Package hyperref Info: Plain pages OFF on input line 4172.
Package hyperref Info: Backreferencing OFF on input line 4177.
Package hyperref Info: Implicit mode ON; LaTeX internals redefined.
Package hyperref Info: Bookmarks ON on input line 4424.
\c@Hy@tempcnt=\count454
LaTeX Info: Redefining \url on input line 4763.
\XeTeXLinkMargin=\dimen272
 (C:\Users\tr364\AppData\Local\Programs\MiKTeX\tex/generic/bitset\bitset.sty
Package: bitset 2019/12/09 v1.3 Handle bit-vector datatype (HO)
 (C:\Users\tr364\AppData\Local\Programs\MiKTeX\tex/generic/bigintcalc\bigintcalc.sty
Package: bigintcalc 2019/12/15 v1.5 Expandable calculations on big integers (HO)
))
\Fld@menulength=\count455
\Field@Width=\dimen273
\Fld@charsize=\dimen274
Package hyperref Info: Hyper figures OFF on input line 6042.
Package hyperref Info: Link nesting OFF on input line 6047.
Package hyperref Info: Hyper index ON on input line 6050.
Package hyperref Info: backreferencing OFF on input line 6057.
Package hyperref Info: Link coloring OFF on input line 6062.
Package hyperref Info: Link coloring with OCG OFF on input line 6067.
Package hyperref Info: PDF/A mode OFF on input line 6072.
 (C:\Users\tr364\AppData\Local\Programs\MiKTeX\tex/latex/base\atbegshi-ltx.sty
Package: atbegshi-ltx 2021/01/10 v1.0c Emulation of the original atbegshi
package with kernel methods
)
\Hy@abspage=\count456
\c@Item=\count457
\c@Hfootnote=\count458
)
Package hyperref Info: Driver (autodetected): hpdftex.
 (C:\Users\tr364\AppData\Local\Programs\MiKTeX\tex/latex/hyperref\hpdftex.def
File: hpdftex.def 2024-11-05 v7.01l Hyperref driver for pdfTeX
 (C:\Users\tr364\AppData\Local\Programs\MiKTeX\tex/latex/base\atveryend-ltx.sty
Package: atveryend-ltx 2020/08/19 v1.0a Emulation of the original atveryend package
with kernel methods
)
\Fld@listcount=\count459
\c@bookmark@seq@number=\count460
 (C:\Users\tr364\AppData\Local\Programs\MiKTeX\tex/latex/rerunfilecheck\rerunfilecheck.sty
Package: rerunfilecheck 2022-07-10 v1.10 Rerun checks for auxiliary files (HO)
 (C:\Users\tr364\AppData\Local\Programs\MiKTeX\tex/generic/uniquecounter\uniquecounter.sty
Package: uniquecounter 2019/12/15 v1.4 Provide unlimited unique counter (HO)
)
Package uniquecounter Info: New unique counter `rerunfilecheck' on input line 285.
)
\Hy@SectionHShift=\skip114
) (C:\Users\tr364\AppData\Local\Programs\MiKTeX\tex/latex/cleveref\cleveref.sty
Package: cleveref 2018/03/27 v0.21.4 Intelligent cross-referencing
Package cleveref Info: `hyperref' support loaded on input line 2370.
LaTeX Info: Redefining \cref on input line 2370.
LaTeX Info: Redefining \Cref on input line 2370.
LaTeX Info: Redefining \crefrange on input line 2370.
LaTeX Info: Redefining \Crefrange on input line 2370.
LaTeX Info: Redefining \cpageref on input line 2370.
LaTeX Info: Redefining \Cpageref on input line 2370.
LaTeX Info: Redefining \cpagerefrange on input line 2370.
LaTeX Info: Redefining \Cpagerefrange on input line 2370.
LaTeX Info: Redefining \labelcref on input line 2370.
LaTeX Info: Redefining \labelcpageref on input line 2370.
Package cleveref Info: always capitalise cross-reference names on input line 7825.
Package cleveref Info: include cross-reference names in hyperlinks on input line 7836.
Package cleveref Info: always capitalise cross-reference names on input line 7852.
Package cleveref Info: include cross-reference names in hyperlinks on input line 7852.
)
Package hyperref Info: Option `breaklinks' set `true' on input line 251.
Package hyperref Info: Option `colorlinks' set `true' on input line 251.
Package hyperref Info: Option `bookmarksnumbered' set `true' on input line 251.
Package hyperref Info: Option `pdfdisplaydoctitle' set `true' on input line 251.
Package hyperref Info: Option `unicode' set `true' on input line 251.
\c@AuthCtr=\count461
\c@AuthNum=\count462
\c@AuthTmp=\count463
\c@StmpCtr=\count464
\TopLine=\skip115
\BottomLine=\skip116
\HFRuleBox=\box61
Package newfloat Info: New float `flowchart' with options `fileext = low, name = Fluxograma' on input line 778.
\c@flowchart=\count465
\newfloat@ftype=\count466
Package newfloat Info: float type `flowchart'=8 on input line 778.
Package newfloat Info: \flowchartname is already defined on input line 778.
Package newfloat Info: New float `photograph' with options `fileext = lop, name = Fotografia' on input line 779.
\c@photograph=\count467
Package newfloat Info: float type `photograph'=16 on input line 779.
Package newfloat Info: \photographname is already defined on input line 779.
Package newfloat Info: New float `graph' with options `fileext = loh, name = Gráfico' on input line 780.
\c@graph=\count468
Package newfloat Info: float type `graph'=32 on input line 780.
Package newfloat Info: \graphname is already defined on input line 780.
Package newfloat Info: New float `tabframed' with options `fileext = lod, name = Quadro' on input line 781.
\c@tabframed=\count469
Package newfloat Info: float type `tabframed'=64 on input line 781.
Package newfloat Info: \tabframedname is already defined on input line 781.
\CaptionWidth=\skip117
\AbstractMargin=\skip118
)
LaTeX Font Info:    Trying to load font information for T1+lmss on input line 12.
 (C:\Users\tr364\AppData\Local\Programs\MiKTeX\tex/latex/lm\t1lmss.fd
File: t1lmss.fd 2015/05/01 v1.6.1 Font defs for Latin Modern
)
Package csquotes Info: Checking for multilingual support...
Package csquotes Info: ... found 'babel' package.
Package csquotes Info: Adjusting default style.
Package csquotes Info: Redefining alias 'default' -> 'brazilian'.
 (fatec-template.aux
Package babel Info: 'brazilian' activates 'portuges' shorthands.
(babel)             Reported  on input line 9.
)
\openout1 = `fatec-template.aux'.

LaTeX Font Info:    Checking defaults for OML/ntxmi/m/it on input line 12.
LaTeX Font Info:    Trying to load font information for OML+ntxmi on input line 12.
 (C:\Users\tr364\AppData\Local\Programs\MiKTeX\tex/latex/newtx\omlntxmi.fd
File: omlntxmi.fd 2015/08/25 Fontinst v1.933 font definitions for OML/ntxmi.
)
LaTeX Font Info:    ... okay on input line 12.
LaTeX Font Info:    Checking defaults for OMS/cmsy/m/n on input line 12.
LaTeX Font Info:    ... okay on input line 12.
LaTeX Font Info:    Checking defaults for OT1/cmr/m/n on input line 12.
LaTeX Font Info:    ... okay on input line 12.
LaTeX Font Info:    Checking defaults for T1/cmr/m/n on input line 12.
LaTeX Font Info:    ... okay on input line 12.
LaTeX Font Info:    Checking defaults for TS1/cmr/m/n on input line 12.
LaTeX Font Info:    ... okay on input line 12.
LaTeX Font Info:    Checking defaults for OMX/cmex/m/n on input line 12.
LaTeX Font Info:    ... okay on input line 12.
LaTeX Font Info:    Checking defaults for U/ntxexa/m/n on input line 12.
LaTeX Font Info:    Trying to load font information for U+ntxexa on input line 12.
 (C:\Users\tr364\AppData\Local\Programs\MiKTeX\tex/latex/newtx\untxexa.fd
File: untxexa.fd 2012/04/16 Fontinst v1.933 font definitions for U/ntxexa.
)
LaTeX Font Info:    ... okay on input line 12.
LaTeX Font Info:    Checking defaults for LMS/ntxsy/m/n on input line 12.
LaTeX Font Info:    Trying to load font information for LMS+ntxsy on input line 12.
 (C:\Users\tr364\AppData\Local\Programs\MiKTeX\tex/latex/newtx\lmsntxsy.fd
File: lmsntxsy.fd 2016/07/02 Fontinst v1.933 font definitions for LMS/ntxsy.
)
LaTeX Font Info:    ... okay on input line 12.
LaTeX Font Info:    Checking defaults for LMX/ntxexx/m/n on input line 12.
LaTeX Font Info:    Trying to load font information for LMX+ntxexx on input line 12.
 (C:\Users\tr364\AppData\Local\Programs\MiKTeX\tex/latex/newtx\lmxntxexx.fd
File: lmxntxexx.fd 2016/07/03 Fontinst v1.933 font definitions for LMX/ntxexx.
)
LaTeX Font Info:    ... okay on input line 12.
LaTeX Font Info:    Checking defaults for PD1/pdf/m/n on input line 12.
LaTeX Font Info:    ... okay on input line 12.
LaTeX Font Info:    Checking defaults for PU/pdf/m/n on input line 12.
LaTeX Font Info:    ... okay on input line 12.
 (C:\Users\tr364\AppData\Local\Programs\MiKTeX\tex/context/base/mkii\supp-pdf.mkii
[Loading MPS to PDF converter (version 2006.09.02).]
\scratchcounter=\count470
\scratchdimen=\dimen275
\scratchbox=\box62
\nofMPsegments=\count471
\nofMParguments=\count472
\everyMPshowfont=\toks43
\MPscratchCnt=\count473
\MPscratchDim=\dimen276
\MPnumerator=\count474
\makeMPintoPDFobject=\count475
\everyMPtoPDFconversion=\toks44
) (C:\Users\tr364\AppData\Local\Programs\MiKTeX\tex/latex/epstopdf-pkg\epstopdf-base.sty
Package: epstopdf-base 2020-01-24 v2.11 Base part for package epstopdf
 (C:\Users\tr364\AppData\Local\Programs\MiKTeX\tex/latex/grfext\grfext.sty
Package: grfext 2019/12/03 v1.3 Manage graphics extensions (HO)
)
Package epstopdf-base Info: Redefining graphics rule for `.eps' on input line 485.
Package grfext Info: Graphics extension search list:
(grfext)             [.pdf,.png,.jpg,.mps,.jpeg,.jbig2,.jb2,.PDF,.PNG,.JPG,.JPEG,.JBIG2,.JB2,.eps]
(grfext)             \AppendGraphicsExtensions on input line 504.
 (C:\Users\tr364\AppData\Local\Programs\MiKTeX\tex/latex/00miktex\epstopdf-sys.cfg
File: epstopdf-sys.cfg 2021/03/18 v2.0 Configuration of epstopdf for MiKTeX
))
\c@mv@tabular=\count476
\c@mv@boldtabular=\count477
LaTeX Info: Command `\dddot' is already robust on input line 12.
LaTeX Info: Command `\ddddot' is already robust on input line 12.
LaTeX Info: Redefining \microtypecontext on input line 12.
Package microtype Info: Applying patch `item' on input line 12.
Package microtype Info: Applying patch `toc' on input line 12.
Package microtype Info: Applying patch `verbatim' on input line 12.
LaTeX Info: Redefining \microtypesetup on input line 12.
Package microtype Info: Generating PDF output.
Package microtype Info: Character protrusion enabled (level 2).
Package microtype Info: Using default protrusion set `alltext'.
Package microtype Info: Automatic font expansion enabled (level 2),
(microtype)             stretch: 20, shrink: 20, step: 1, non-selected.
Package microtype Info: Using default expansion set `alltext-nott'.
LaTeX Info: Redefining \showhyphens on input line 12.
Package microtype Info: No adjustment of tracking.
Package microtype Info: No adjustment of interword spacing.
Package microtype Info: No adjustment of character kerning.
Package microtype Info: Loading generic protrusion settings for font family
(microtype)             `lmss' (encoding: T1).
(microtype)             For optimal results, create family-specific settings.
(microtype)             See the microtype manual for details.

*geometry* driver: auto-detecting
*geometry* detected driver: pdftex
*geometry* verbose mode - [ preamble ] result:
* driver: pdftex
* paper: a4paper
* layout: <same size as paper>
* layoutoffset:(h,v)=(0.0pt,0.0pt)
* modes: 
* h-part:(L,W,R)=(56.9055pt, 483.69687pt, 56.9055pt)
* v-part:(T,H,B)=(99.58464pt, 674.33032pt, 71.13188pt)
* \paperwidth=597.50787pt
* \paperheight=845.04684pt
* \textwidth=483.69687pt
* \textheight=674.33032pt
* \oddsidemargin=-15.36449pt
* \evensidemargin=-15.36449pt
* \topmargin=-58.0436pt
* \headheight=71.13188pt
* \headsep=14.22636pt
* \topskip=12.0pt
* \footskip=14.22636pt
* \marginparwidth=42.67912pt
* \marginparsep=7.11317pt
* \columnsep=10.0pt
* \skip\footins=10.8pt plus 4.0pt minus 2.0pt
* \hoffset=0.0pt
* \voffset=0.0pt
* \mag=1000
* \@twocolumnfalse
* \@twosidefalse
* \@mparswitchfalse
* \@reversemarginfalse
* (1in=72.27pt=25.4mm, 1cm=28.453pt)

Package caption Info: Begin \AtBeginDocument code.
Package caption Info: hyperref package is loaded.
Package caption Info: End \AtBeginDocument code.
Package biblatex Info: Trying to load language 'brazilian' -> 'brazilian-abnt'...
Package biblatex Info: ... file 'brazilian-abnt.lbx' found.
(C:\Users\tr364\AppData\Local\Programs\MiKTeX\tex/latex/biblatex-abnt/lbx\brazilian-abnt.lbx
File: brazilian-abnt.lbx 2018-11-17 v3.4 ABNT BibLaTeX citation style
Package biblatex Info: Trying to load language 'brazilian'...
Package biblatex Info: ... file 'brazilian.lbx' found.
 (C:\Users\tr364\AppData\Local\Programs\MiKTeX\tex/latex/biblatex/lbx\brazilian.lbx
File: brazilian.lbx 2024/03/21 v3.20 biblatex localization (PK/MW)
)
Package biblatex Info: Trying to load language 'brazilian'...
Package biblatex Info: ... file 'brazilian.lbx' found.
 (C:\Users\tr364\AppData\Local\Programs\MiKTeX\tex/latex/biblatex/lbx\brazilian.lbx
File: brazilian.lbx 2024/03/21 v3.20 biblatex localization (PK/MW)
)
Package biblatex Info: Trying to load language 'brazil' -> 'brazil-abnt'...
Package biblatex Info: ... file 'brazil-abnt.lbx' found.
 (C:\Users\tr364\AppData\Local\Programs\MiKTeX\tex/latex/biblatex-abnt/lbx\brazil-abnt.lbx
File: brazil-abnt.lbx 2018-11-17 v3.4 ABNT BibLaTeX citation style
Package biblatex Info: Trying to load language 'brazilian-abnt'...
Package biblatex Info: ... file 'brazilian-abnt.lbx' found.
 (C:\Users\tr364\AppData\Local\Programs\MiKTeX\tex/latex/biblatex-abnt/lbx\brazilian-abnt.lbx
File: brazilian-abnt.lbx 2018-11-17 v3.4 ABNT BibLaTeX citation style
Package biblatex Info: Trying to load language 'brazilian'...
Package biblatex Info: ... file 'brazilian.lbx' found.
 (C:\Users\tr364\AppData\Local\Programs\MiKTeX\tex/latex/biblatex/lbx\brazilian.lbx
File: brazilian.lbx 2024/03/21 v3.20 biblatex localization (PK/MW)
)
Package biblatex Info: Trying to load language 'brazil'...
Package biblatex Info: ... file 'brazil.lbx' found.
 (C:\Users\tr364\AppData\Local\Programs\MiKTeX\tex/latex/biblatex/lbx\brazil.lbx
File: brazil.lbx 2024/03/21 v3.20 biblatex localization (PK/MW)
Package biblatex Info: Trying to load language 'brazilian'...
Package biblatex Info: ... file 'brazilian.lbx' found.
 (C:\Users\tr364\AppData\Local\Programs\MiKTeX\tex/latex/biblatex/lbx\brazilian.lbx
File: brazilian.lbx 2024/03/21 v3.20 biblatex localization (PK/MW)
)))))
Package biblatex Info: Trying to load language 'english' -> 'english-abnt'...
Package biblatex Info: ... file 'english-abnt.lbx' found.
 (C:\Users\tr364\AppData\Local\Programs\MiKTeX\tex/latex/biblatex-abnt/lbx\english-abnt.lbx
File: english-abnt.lbx 2018-11-17 v3.4 ABNT BibLaTeX citation style
Package biblatex Info: Trying to load language 'english'...
Package biblatex Info: ... file 'english.lbx' found.
 (C:\Users\tr364\AppData\Local\Programs\MiKTeX\tex/latex/biblatex/lbx\english.lbx
File: english.lbx 2024/03/21 v3.20 biblatex localization (PK/MW)
)
Package biblatex Info: Trying to load language 'english'...
Package biblatex Info: ... file 'english.lbx' found.
 (C:\Users\tr364\AppData\Local\Programs\MiKTeX\tex/latex/biblatex/lbx\english.lbx
File: english.lbx 2024/03/21 v3.20 biblatex localization (PK/MW)
)
Package biblatex Info: Trying to load language 'english'...
Package biblatex Info: ... file 'english.lbx' found.
 (C:\Users\tr364\AppData\Local\Programs\MiKTeX\tex/latex/biblatex/lbx\english.lbx
File: english.lbx 2024/03/21 v3.20 biblatex localization (PK/MW)
))
Package biblatex Info: Input encoding 'utf8' detected.
Package biblatex Info: Automatic encoding selection.
(biblatex)             Assuming data encoding 'utf8'.
\openout3 = `fatec-template.bcf'.

Package biblatex Info: Trying to load bibliographic data...
Package biblatex Info: ... file 'fatec-template.bbl' found.
 (fatec-template.bbl)
Package biblatex Info: Reference section=0 on input line 12.
Package biblatex Info: Reference segment=0 on input line 12.
Package hyperref Info: Link coloring ON on input line 12.
 (fatec-template.out) (fatec-template.out)
\@outlinefile=\write4
\openout4 = `fatec-template.out'.



Package hyperref Warning: Token not allowed in a PDF string (Unicode):
(hyperref)                removing `\PDF@Keywords' on input line 12.

Package cleveref Info: loaded `brazilian' language definitions on input line 12.
Package cleveref Info: loaded `brazilian' language definitions on input line 12.
Package cleveref Info: loaded `english' language definitions on input line 12.
Package cleveref Info: loaded `brazilian' language definitions on input line 12.


[1

{C:/Users/tr364/AppData/Local/MiKTeX/fonts/map/pdftex/pdftex.map}{C:/Users/tr364/AppData/Local/Programs/MiKTeX/fonts/enc/dvips/lm/lm-ec.enc}] (fatec-template.toc
Package cleveref Info: loaded `brazilian' language definitions on input line 1.
Package cleveref Info: loaded `brazilian' language definitions on input line 2.
Package cleveref Info: loaded `brazilian' language definitions on input line 3.
Package cleveref Info: loaded `english' language definitions on input line 4.
Package cleveref Info: loaded `brazilian' language definitions on input line 5.
LaTeX Font Info:    Trying to load font information for OT1+minntx on input line 7.
 (C:\Users\tr364\AppData\Local\Programs\MiKTeX\tex/latex/newtx\ot1minntx.fd
File: ot1minntx.fd 2023/09/09 v1.1 font definition file for OT1/minntx
)
LaTeX Font Info:    Font shape `OT1/minntx/m/n' will be
(Font)              scaled to size 12.0pt on input line 7.
Package microtype Info: Loading generic protrusion settings for font family
(microtype)             `minntx' (encoding: OT1).
(microtype)             For optimal results, create family-specific settings.
(microtype)             See the microtype manual for details.
LaTeX Font Info:    Font shape `OT1/minntx/m/n' will be
(Font)              scaled to size 8.8pt on input line 7.
LaTeX Font Info:    Font shape `OT1/minntx/m/n' will be
(Font)              scaled to size 6.6pt on input line 7.
LaTeX Font Info:    Font shape `OML/ntxmi/m/it' will be
(Font)              scaled to size 12.0pt on input line 7.
LaTeX Font Info:    Font shape `OML/ntxmi/m/it' will be
(Font)              scaled to size 8.8pt on input line 7.
LaTeX Font Info:    Font shape `OML/ntxmi/m/it' will be
(Font)              scaled to size 6.6pt on input line 7.
LaTeX Font Info:    Font shape `LMS/ntxsy/m/n' will be
(Font)              scaled to size 12.0pt on input line 7.
LaTeX Font Info:    Font shape `LMS/ntxsy/m/n' will be
(Font)              scaled to size 8.8pt on input line 7.
LaTeX Font Info:    Font shape `LMS/ntxsy/m/n' will be
(Font)              scaled to size 6.6pt on input line 7.
LaTeX Font Info:    Font shape `LMX/ntxexx/m/n' will be
(Font)              scaled to size 12.0pt on input line 7.
LaTeX Font Info:    Font shape `LMX/ntxexx/m/n' will be
(Font)              scaled to size 8.8pt on input line 7.
LaTeX Font Info:    Font shape `LMX/ntxexx/m/n' will be
(Font)              scaled to size 6.6pt on input line 7.
LaTeX Font Info:    Trying to load font information for U+ntxmia on input line 7.
 (C:\Users\tr364\AppData\Local\Programs\MiKTeX\tex/latex/newtx\untxmia.fd
File: untxmia.fd 2024/04/09 Fontinst v1.933 font definitions for U/ntxmia.
)
LaTeX Font Info:    Font shape `U/ntxmia/m/it' will be
(Font)              scaled to size 12.0pt on input line 7.
LaTeX Font Info:    Font shape `U/ntxmia/m/it' will be
(Font)              scaled to size 8.8pt on input line 7.
LaTeX Font Info:    Font shape `U/ntxmia/m/it' will be
(Font)              scaled to size 6.6pt on input line 7.
LaTeX Font Info:    Trying to load font information for U+ntxsym on input line 7.
 (C:\Users\tr364\AppData\Local\Programs\MiKTeX\tex/latex/newtx\untxsym.fd
File: untxsym.fd 2023/08/16 Fontinst v1.933 font definitions for U/ntxsym.
)
LaTeX Font Info:    Font shape `U/ntxsym/m/n' will be
(Font)              scaled to size 12.0pt on input line 7.
LaTeX Font Info:    Font shape `U/ntxsym/m/n' will be
(Font)              scaled to size 8.8pt on input line 7.
LaTeX Font Info:    Font shape `U/ntxsym/m/n' will be
(Font)              scaled to size 6.6pt on input line 7.
LaTeX Font Info:    Trying to load font information for U+ntxsyc on input line 7.
 (C:\Users\tr364\AppData\Local\Programs\MiKTeX\tex/latex/newtx\untxsyc.fd
File: untxsyc.fd 2012/04/12 Fontinst v1.933 font definitions for U/ntxsyc.
)
LaTeX Font Info:    Font shape `U/ntxsyc/m/n' will be
(Font)              scaled to size 12.0pt on input line 7.
LaTeX Font Info:    Font shape `U/ntxsyc/m/n' will be
(Font)              scaled to size 8.8pt on input line 7.
LaTeX Font Info:    Font shape `U/ntxsyc/m/n' will be
(Font)              scaled to size 6.6pt on input line 7.
LaTeX Font Info:    Font shape `U/ntxexa/m/n' will be
(Font)              scaled to size 12.0pt on input line 7.
LaTeX Font Info:    Font shape `U/ntxexa/m/n' will be
(Font)              scaled to size 8.8pt on input line 7.
LaTeX Font Info:    Font shape `U/ntxexa/m/n' will be
(Font)              scaled to size 6.6pt on input line 7.
)
\tf@toc=\write5
\openout5 = `fatec-template.toc'.



[2]
<Imagem/Caso de Uso.png, id=69, 813.0375pt x 957.5775pt>
File: Imagem/Caso de Uso.png Graphic file (type png)
<use Imagem/Caso de Uso.png>
Package pdftex.def Info: Imagem/Caso de Uso.png  used on input line 42.
(pdftex.def)             Requested size: 386.95897pt x 455.74533pt.


LaTeX Warning: `!h' float specifier changed to `!ht'.



[3]

[4 <./Imagem/Caso de Uso.png>]
<Imagem/Diagramas de Classe.jpg, id=82, 1416.492pt x 1416.492pt>
File: Imagem/Diagramas de Classe.jpg Graphic file (type jpg)
<use Imagem/Diagramas de Classe.jpg>
Package pdftex.def Info: Imagem/Diagramas de Classe.jpg  used on input line 69.
(pdftex.def)             Requested size: 483.69687pt x 483.69746pt.


LaTeX Warning: `!h' float specifier changed to `!ht'.



[5]
LaTeX Font Info:    Trying to load font information for TS1+lmss on input line 80.
 (C:\Users\tr364\AppData\Local\Programs\MiKTeX\tex/latex/lm\ts1lmss.fd
File: ts1lmss.fd 2015/05/01 v1.6.1 Font defs for Latin Modern
)
Package microtype Info: Loading generic protrusion settings for font family
(microtype)             `lmss' (encoding: TS1).
(microtype)             For optimal results, create family-specific settings.
(microtype)             See the microtype manual for details.


[6{C:/Users/tr364/AppData/Local/Programs/MiKTeX/fonts/enc/dvips/lm/lm-ts1.enc} <./Imagem/Diagramas de Classe.jpg>]
<Imagem/Diagrama de Objetos.jpg, id=93, 2032.7142pt x 903.375pt>
File: Imagem/Diagrama de Objetos.jpg Graphic file (type jpg)
<use Imagem/Diagrama de Objetos.jpg>
Package pdftex.def Info: Imagem/Diagrama de Objetos.jpg  used on input line 90.
(pdftex.def)             Requested size: 483.69687pt x 214.95354pt.


[7 <./Imagem/Diagrama de Objetos.jpg>]
<Imagem/Diagrama de Redes.png, id=100, 1650.165pt x 2330.7075pt>
File: Imagem/Diagrama de Redes.png Graphic file (type png)
<use Imagem/Diagrama de Redes.png>
Package pdftex.def Info: Imagem/Diagrama de Redes.png  used on input line 110.
(pdftex.def)             Requested size: 290.22107pt x 409.90706pt.


[8 <./Imagem/Diagrama de Redes.png>]
<Imagem/Canvas.png, id=107, 931.22906pt x 1408.51219pt>
File: Imagem/Canvas.png Graphic file (type png)
<use Imagem/Canvas.png>
Package pdftex.def Info: Imagem/Canvas.png  used on input line 128.
(pdftex.def)             Requested size: 312.00119pt x 471.90286pt.


[9 <./Imagem/Canvas.png>]

[10]
<Imagem/Modelo Conceitual.jpeg, id=118, 1076.02pt x 1104.125pt>
File: Imagem/Modelo Conceitual.jpeg Graphic file (type jpg)
<use Imagem/Modelo Conceitual.jpeg>
Package pdftex.def Info: Imagem/Modelo Conceitual.jpeg  used on input line 156.
(pdftex.def)             Requested size: 522.3935pt x 536.03911pt.

Overfull \hbox (38.69662pt too wide) in paragraph at lines 156--157
[][] 
 []



[11 <./Imagem/Modelo Conceitual.jpeg>]
<Imagem/Modelo Lógico.png, id=124, 1226.5825pt x 1146.2825pt>
File: Imagem/Modelo Lógico.png Graphic file (type png)
<use Imagem/Modelo Lógico.png>
Package pdftex.def Info: Imagem/Modelo Lógico.png  used on input line 165.
(pdftex.def)             Requested size: 522.3935pt x 488.18683pt.

Overfull \hbox (38.69662pt too wide) in paragraph at lines 165--166
[][] 
 []



[12 <./Imagem/Modelo Lógico.png>]
<Imagem/Modelo Físico.jpg, id=131, 1352.4126pt x 1084.05pt>
File: Imagem/Modelo Físico.jpg Graphic file (type jpg)
<use Imagem/Modelo Físico.jpg>
Package pdftex.def Info: Imagem/Modelo Físico.jpg  used on input line 174.
(pdftex.def)             Requested size: 522.3935pt x 418.74174pt.

Overfull \hbox (38.69662pt too wide) in paragraph at lines 174--175
[][] 
 []



[13 <./Imagem/Modelo Físico.jpg>]
LaTeX Font Info:    Trying to load font information for T1+lmtt on input line 187.
 (C:\Users\tr364\AppData\Local\Programs\MiKTeX\tex/latex/lm\t1lmtt.fd
File: t1lmtt.fd 2015/05/01 v1.6.1 Font defs for Latin Modern
)
Package microtype Info: Loading generic protrusion settings for font family
(microtype)             `lmtt' (encoding: T1).
(microtype)             For optimal results, create family-specific settings.
(microtype)             See the microtype manual for details.

Overfull \hbox (10.30338pt too wide) in paragraph at lines 513--513
[]\T1/lmtt/m/n/12 # Registro do ambiente cativeiro, relacionando com o tipo de camaro que abriga,[] 
 []



[14]

[15]

[16]

[17]
Overfull \hbox (22.65338pt too wide) in paragraph at lines 513--513
[]\T1/lmtt/m/n/12 insert into Condicoes_ideais (id_tipo_camarao, temp_ideal, ph_ideal, amonia_ideal)[] 
 []


Overfull \hbox (22.65338pt too wide) in paragraph at lines 513--513
[]\T1/lmtt/m/n/12 insert into Condicoes_ideais (id_tipo_camarao, temp_ideal, ph_ideal, amonia_ideal)[] 
 []


Overfull \hbox (22.65338pt too wide) in paragraph at lines 513--513
[]\T1/lmtt/m/n/12 insert into Condicoes_ideais (id_tipo_camarao, temp_ideal, ph_ideal, amonia_ideal)[] 
 []



[18]
Overfull \hbox (10.30338pt too wide) in paragraph at lines 513--513
[]\T1/lmtt/m/n/12 insert into Sitios (nome, localizacao) values ('Stio do Camaro 1', 'Local A');[] 
 []


Overfull \hbox (10.30338pt too wide) in paragraph at lines 513--513
[]\T1/lmtt/m/n/12 insert into Sitios (nome, localizacao) values ('Stio do Camaro 2', 'Local B');[] 
 []


Overfull \hbox (10.30338pt too wide) in paragraph at lines 513--513
[]\T1/lmtt/m/n/12 insert into Sitios (nome, localizacao) values ('Stio do Camaro 3', 'Local C');[] 
 []



[19]
Overfull \hbox (10.30338pt too wide) in paragraph at lines 513--513
[]\T1/lmtt/m/n/12 insert into Usuarios (nome_usuario, email_usuario, telefone, senha, foto_perfil)[] 
 []


Overfull \hbox (16.46437pt too wide) in paragraph at lines 513--513
[]\T1/lmtt/m/n/12 values ('Joo Silva', 'joao@example.com', '12345678901', 'senha123', 'joao.jpg');[] 
 []


Overfull \hbox (10.30338pt too wide) in paragraph at lines 513--513
[]\T1/lmtt/m/n/12 insert into Usuarios (nome_usuario, email_usuario, telefone, senha, foto_perfil)[] 
 []


Overfull \hbox (41.15038pt too wide) in paragraph at lines 513--513
[]\T1/lmtt/m/n/12 values ('Maria Santos', 'maria@example.com', '98765432109', 'senha456', 'maria.jpg');[] 
 []


Overfull \hbox (10.30338pt too wide) in paragraph at lines 513--513
[]\T1/lmtt/m/n/12 insert into Usuarios (nome_usuario, email_usuario, telefone, senha, foto_perfil)[] 
 []


Overfull \hbox (47.33939pt too wide) in paragraph at lines 513--513
[]\T1/lmtt/m/n/12 values ('Pedro Almeida', 'pedro@example.com', '11223344556', 'senha789', 'pedro.jpg');[] 
 []



[20]

[21{C:/Users/tr364/AppData/Local/Programs/MiKTeX/fonts/enc/dvips/newtx/ntx-ot1-tlf.enc}]
Overfull \hbox (10.30338pt too wide) in paragraph at lines 567--567
[]        \T1/lmtt/m/n/12 if (left[leftIndex].id_tipo_sensor > right[rightIndex].id_tipo_sensor) {[] 
 []


Overfull \hbox (41.17839pt too wide) in paragraph at lines 613--613
[]    \T1/lmtt/m/n/12 esquerda[indice_esquerda].id_tipo_sensor > direita[indice_direita].id_tipo_sensor[] 
 []



[22]
<Imagem/Diário de Bordo - Criação de Camarão em Cativeiro Com Monitoramento IOT Para Gastronomia.pdf, id=181, 845.0471pt x 597.50829pt>
File: Imagem/Diário de Bordo - Criação de Camarão em Cativeiro Com Monitoramento IOT Para Gastronomia.pdf Graphic file (type pdf)
<use Imagem/Diário de Bordo - Criação de Camarão em Cativeiro Com Monitoramento IOT Para Gastronomia.pdf>
Package pdftex.def Info: Imagem/Diário de Bordo - Criação de Camarão em Cativeiro Com Monitoramento IOT Para Gastronomia.pdf  used on input line 619.
(pdftex.def)             Requested size: 845.04504pt x 597.50682pt.
<Imagem/Diário de Bordo - Criação de Camarão em Cativeiro Com Monitoramento IOT Para Gastronomia.pdf, id=183, page=2, 845.0471pt x 597.50829pt>
File: Imagem/Diário de Bordo - Criação de Camarão em Cativeiro Com Monitoramento IOT Para Gastronomia.pdf Graphic file (type pdf)
<use Imagem/Diário de Bordo - Criação de Camarão em Cativeiro Com Monitoramento IOT Para Gastronomia.pdf, page 2>
Package pdftex.def Info: Imagem/Diário de Bordo - Criação de Camarão em Cativeiro Com Monitoramento IOT Para Gastronomia.pdf , page2 used on input line 619.
(pdftex.def)             Requested size: 845.04504pt x 597.50682pt.
File: Imagem/Diário de Bordo - Criação de Camarão em Cativeiro Com Monitoramento IOT Para Gastronomia.pdf Graphic file (type pdf)
<use Imagem/Diário de Bordo - Criação de Camarão em Cativeiro Com Monitoramento IOT Para Gastronomia.pdf, page 2>
Package pdftex.def Info: Imagem/Diário de Bordo - Criação de Camarão em Cativeiro Com Monitoramento IOT Para Gastronomia.pdf , page2 used on input line 619.
(pdftex.def)             Requested size: 597.53772pt x 422.50157pt.


[23]
File: Imagem/Diário de Bordo - Criação de Camarão em Cativeiro Com Monitoramento IOT Para Gastronomia.pdf Graphic file (type pdf)
<use Imagem/Diário de Bordo - Criação de Camarão em Cativeiro Com Monitoramento IOT Para Gastronomia.pdf, page 2>
Package pdftex.def Info: Imagem/Diário de Bordo - Criação de Camarão em Cativeiro Com Monitoramento IOT Para Gastronomia.pdf , page2 used on input line 619.
(pdftex.def)             Requested size: 597.53772pt x 422.50157pt.
File: Imagem/Diário de Bordo - Criação de Camarão em Cativeiro Com Monitoramento IOT Para Gastronomia.pdf Graphic file (type pdf)
<use Imagem/Diário de Bordo - Criação de Camarão em Cativeiro Com Monitoramento IOT Para Gastronomia.pdf, page 2>
Package pdftex.def Info: Imagem/Diário de Bordo - Criação de Camarão em Cativeiro Com Monitoramento IOT Para Gastronomia.pdf , page2 used on input line 619.
(pdftex.def)             Requested size: 597.53772pt x 422.50157pt.


File: Imagem/Diário de Bordo - Criação de Camarão em Cativeiro Com Monitoramento IOT Para Gastronomia.pdf Graphic file (type pdf)
<use Imagem/Diário de Bordo - Criação de Camarão em Cativeiro Com Monitoramento IOT Para Gastronomia.pdf, page 2>
Package pdftex.def Info: Imagem/Diário de Bordo - Criação de Camarão em Cativeiro Com Monitoramento IOT Para Gastronomia.pdf , page2 used on input line 619.
(pdftex.def)             Requested size: 597.53772pt x 422.50157pt.
[24

 <./Imagem/Diário de Bordo - Criação de Camarão em Cativeiro Com Monitoramento IOT Para Gastronomia.pdf>]
<Imagem/Diário de Bordo - Criação de Camarão em Cativeiro Com Monitoramento IOT Para Gastronomia.pdf, id=209, page=3, 845.0471pt x 597.50829pt>
File: Imagem/Diário de Bordo - Criação de Camarão em Cativeiro Com Monitoramento IOT Para Gastronomia.pdf Graphic file (type pdf)
<use Imagem/Diário de Bordo - Criação de Camarão em Cativeiro Com Monitoramento IOT Para Gastronomia.pdf, page 3>
Package pdftex.def Info: Imagem/Diário de Bordo - Criação de Camarão em Cativeiro Com Monitoramento IOT Para Gastronomia.pdf , page3 used on input line 619.
(pdftex.def)             Requested size: 597.53772pt x 422.50157pt.
File: Imagem/Diário de Bordo - Criação de Camarão em Cativeiro Com Monitoramento IOT Para Gastronomia.pdf Graphic file (type pdf)
<use Imagem/Diário de Bordo - Criação de Camarão em Cativeiro Com Monitoramento IOT Para Gastronomia.pdf, page 3>
Package pdftex.def Info: Imagem/Diário de Bordo - Criação de Camarão em Cativeiro Com Monitoramento IOT Para Gastronomia.pdf , page3 used on input line 619.
(pdftex.def)             Requested size: 597.53772pt x 422.50157pt.


File: Imagem/Diário de Bordo - Criação de Camarão em Cativeiro Com Monitoramento IOT Para Gastronomia.pdf Graphic file (type pdf)
<use Imagem/Diário de Bordo - Criação de Camarão em Cativeiro Com Monitoramento IOT Para Gastronomia.pdf, page 3>
Package pdftex.def Info: Imagem/Diário de Bordo - Criação de Camarão em Cativeiro Com Monitoramento IOT Para Gastronomia.pdf , page3 used on input line 619.
(pdftex.def)             Requested size: 597.53772pt x 422.50157pt.
[25

 <./Imagem/Diário de Bordo - Criação de Camarão em Cativeiro Com Monitoramento IOT Para Gastronomia.pdf>]
<Imagem/Diário de Bordo - Criação de Camarão em Cativeiro Com Monitoramento IOT Para Gastronomia.pdf, id=215, page=4, 845.0471pt x 597.50829pt>
File: Imagem/Diário de Bordo - Criação de Camarão em Cativeiro Com Monitoramento IOT Para Gastronomia.pdf Graphic file (type pdf)
<use Imagem/Diário de Bordo - Criação de Camarão em Cativeiro Com Monitoramento IOT Para Gastronomia.pdf, page 4>
Package pdftex.def Info: Imagem/Diário de Bordo - Criação de Camarão em Cativeiro Com Monitoramento IOT Para Gastronomia.pdf , page4 used on input line 619.
(pdftex.def)             Requested size: 597.53772pt x 422.50157pt.
File: Imagem/Diário de Bordo - Criação de Camarão em Cativeiro Com Monitoramento IOT Para Gastronomia.pdf Graphic file (type pdf)
<use Imagem/Diário de Bordo - Criação de Camarão em Cativeiro Com Monitoramento IOT Para Gastronomia.pdf, page 4>
Package pdftex.def Info: Imagem/Diário de Bordo - Criação de Camarão em Cativeiro Com Monitoramento IOT Para Gastronomia.pdf , page4 used on input line 619.
(pdftex.def)             Requested size: 597.53772pt x 422.50157pt.


File: Imagem/Diário de Bordo - Criação de Camarão em Cativeiro Com Monitoramento IOT Para Gastronomia.pdf Graphic file (type pdf)
<use Imagem/Diário de Bordo - Criação de Camarão em Cativeiro Com Monitoramento IOT Para Gastronomia.pdf, page 4>
Package pdftex.def Info: Imagem/Diário de Bordo - Criação de Camarão em Cativeiro Com Monitoramento IOT Para Gastronomia.pdf , page4 used on input line 619.
(pdftex.def)             Requested size: 597.53772pt x 422.50157pt.
[26

 <./Imagem/Diário de Bordo - Criação de Camarão em Cativeiro Com Monitoramento IOT Para Gastronomia.pdf>]
<Imagem/Diário de Bordo - Criação de Camarão em Cativeiro Com Monitoramento IOT Para Gastronomia.pdf, id=220, page=5, 845.0471pt x 597.50829pt>
File: Imagem/Diário de Bordo - Criação de Camarão em Cativeiro Com Monitoramento IOT Para Gastronomia.pdf Graphic file (type pdf)
<use Imagem/Diário de Bordo - Criação de Camarão em Cativeiro Com Monitoramento IOT Para Gastronomia.pdf, page 5>
Package pdftex.def Info: Imagem/Diário de Bordo - Criação de Camarão em Cativeiro Com Monitoramento IOT Para Gastronomia.pdf , page5 used on input line 619.
(pdftex.def)             Requested size: 597.53772pt x 422.50157pt.
File: Imagem/Diário de Bordo - Criação de Camarão em Cativeiro Com Monitoramento IOT Para Gastronomia.pdf Graphic file (type pdf)
<use Imagem/Diário de Bordo - Criação de Camarão em Cativeiro Com Monitoramento IOT Para Gastronomia.pdf, page 5>
Package pdftex.def Info: Imagem/Diário de Bordo - Criação de Camarão em Cativeiro Com Monitoramento IOT Para Gastronomia.pdf , page5 used on input line 619.
(pdftex.def)             Requested size: 597.53772pt x 422.50157pt.


File: Imagem/Diário de Bordo - Criação de Camarão em Cativeiro Com Monitoramento IOT Para Gastronomia.pdf Graphic file (type pdf)
<use Imagem/Diário de Bordo - Criação de Camarão em Cativeiro Com Monitoramento IOT Para Gastronomia.pdf, page 5>
Package pdftex.def Info: Imagem/Diário de Bordo - Criação de Camarão em Cativeiro Com Monitoramento IOT Para Gastronomia.pdf , page5 used on input line 619.
(pdftex.def)             Requested size: 597.53772pt x 422.50157pt.
[27

 <./Imagem/Diário de Bordo - Criação de Camarão em Cativeiro Com Monitoramento IOT Para Gastronomia.pdf>] (fatec-template.aux
Package cleveref Info: loaded `brazilian' language definitions on input line 9.
Package cleveref Info: loaded `brazilian' language definitions on input line 10.
Package cleveref Info: loaded `brazilian' language definitions on input line 11.
Package cleveref Info: loaded `english' language definitions on input line 12.
Package cleveref Info: loaded `brazilian' language definitions on input line 13.
)
 ***********
LaTeX2e <2024-11-01> patch level 2
L3 programming layer <2020/03/25>
 ***********


LaTeX Warning: There were undefined references.

Package rerunfilecheck Info: File `fatec-template.out' has not changed.
(rerunfilecheck)             Checksum: 76EC2447B50128A79D264017AC448A91;1846.

Package biblatex Warning: Please (re)run Biber on the file:
(biblatex)                fatec-template
(biblatex)                and rerun LaTeX afterwards.

Package logreq Info: Writing requests to 'fatec-template.run.xml'.
\openout1 = `fatec-template.run.xml'.

 ) 
Here is how much of TeX's memory you used:
 34773 strings out of 473523
 632065 string characters out of 5714631
 1618608 words of memory out of 5000000
 57380 multiletter control sequences out of 15000+600000
 607316 words of font info for 129 fonts, out of 8000000 for 9000
 1141 hyphenation exceptions out of 8191
 89i,17n,131p,1763b,4538s stack positions out of 10000i,1000n,20000p,200000b,200000s
<C:/Users/tr364/AppData/Local/Programs/MiKTeX/fonts/type1/public/newtx/NewTXMI.pfb><C:/Users/tr364/AppData/Local/Programs/MiKTeX/fonts/type1/public/lm/lmss10.pfb><C:/Users/tr364/AppData/Local/Programs/MiKTeX/fonts/type1/public/lm/lmss12.pfb><C:/Users/tr364/AppData/Local/Programs/MiKTeX/fonts/type1/public/lm/lmssbx10.pfb><C:/Users/tr364/AppData/Local/Programs/MiKTeX/fonts/type1/public/lm/lmtt12.pfb><C:/Users/tr364/AppData/Local/Programs/MiKTeX/fonts/type1/public/newtx/txexs.pfb><C:/Users/tr364/AppData/Local/Programs/MiKTeX/fonts/type1/public/newtx/txmiaX.pfb><C:/Users/tr364/AppData/Local/Programs/MiKTeX/fonts/type1/public/newtx/txsys.pfb><C:/Users/tr364/AppData/Local/Programs/MiKTeX/fonts/type1/public/newtx/ztmr.pfb>
Output written on fatec-template.pdf (27 pages, 6866702 bytes).
PDF statistics:
 280 PDF objects out of 1000 (max. 8388607)
 49 named destinations out of 1000 (max. 500000)
 22687 words of extra memory for PDF output out of 24883 (max. 10000000)

